[00:05:49] 원고 핑퐁 완료: 새 원고 알림 0건, 피드백 반영 0건
[01:03:43] 원고 핑퐁 완료: 새 원고 알림 0건, 피드백 반영 0건
[02:07:32] 원고 핑퐁 완료: 새 원고 알림 0건, 피드백 반영 0건
[03:01:39] 원고 핑퐁 완료: 새 원고 알림 0건, 피드백 반영 0건
[04:17:10] 원고 핑퐁 완료: 새 원고 알림 0건, 피드백 반영 0건
[05:11:13] 원고 핑퐁 완료: 새 원고 알림 0건, 피드백 반영 0건
[06:00:48] socrates: 질문 3개 생성 ← K_ai - 현상-욕구-계획-행동-보상 프레임워크
[06:08:55] 원고 핑퐁 완료: 새 원고 알림 0건, 피드백 반영 0건
[07:09:38] 원고 핑퐁 완료: 새 원고 알림 0건, 피드백 반영 0건
[08:12:52] 원고 핑퐁 완료: 새 원고 알림 0건, 피드백 반영 0건
[09:13:01] 원고 핑퐁 완료: 새 원고 알림 0건, 피드백 반영 0건
[13:00:43] 원고 핑퐁 완료: 새 원고 알림 0건, 피드백 반영 0건
[15:42:20] 원고 핑퐁 완료: 새 원고 알림 0건, 피드백 반영 0건
[17:55:09] 원고 핑퐁 완료: 새 원고 알림 0건, 피드백 반영 0건
[19:39:39] 원고 핑퐁 완료: 새 원고 알림 0건, 피드백 반영 0건
[20:15:44] 녹음 9건 조회 — 신규 3건 처리 예정, 기처리 6건 생략
[20:17:04] 완료: 07-10 강의: 뷰트랩 활용 퍼널링 콘텐츠 준비 → 산출물 14건
[20:18:51] 완료: 07-10 강의: 유튜브 풀링 콘텐츠 전략, 에버그린 데일리 운영, 홈 화면·썸네일 최적화, 뷰트랩 분석 → 산출물 16건
[20:20:41] 완료: 07-10 강의: 유튜브 콘텐츠 전략 - 풀링 콘텐츠 기획 → 산출물 15건
[20:20:42] 텔레그램 알림 발송 완료
[20:20:42] 되먹임: 새 발행완료 글 없음
[20:45:20] 원고 핑퐁 완료: 새 원고 알림 0건, 피드백 반영 0건
[21:40:24] 원고 핑퐁 완료: 새 원고 알림 0건, 피드백 반영 0건
[23:17:10] 원고 핑퐁 완료: 새 원고 알림 0건, 피드백 반영 0건
