[00:16:58] 원고 핑퐁 완료: 새 원고 알림 0건, 피드백 반영 0건
[01:12:21] 원고 핑퐁 완료: 새 원고 알림 0건, 피드백 반영 0건
[02:16:47] 원고 핑퐁 완료: 새 원고 알림 0건, 피드백 반영 0건
[03:09:50] 원고 핑퐁 완료: 새 원고 알림 0건, 피드백 반영 0건
[04:35:12] 원고 핑퐁 완료: 새 원고 알림 0건, 피드백 반영 0건
[05:23:15] 원고 핑퐁 완료: 새 원고 알림 0건, 피드백 반영 0건
[06:00:53] socrates: 질문 3개 생성 ← K_ai - 현상-욕구-계획-행동-보상 5단계 모델
[06:09:20] 원고 핑퐁 완료: 새 원고 알림 0건, 피드백 반영 0건
[07:09:08] 원고 핑퐁 완료: 새 원고 알림 0건, 피드백 반영 0건
[08:13:07] 원고 핑퐁 완료: 새 원고 알림 0건, 피드백 반영 0건
[09:22:29] 원고 알림: 스레드_보드게임이나놀이에서지면울고화내는아이,승부욕어떻게받아줄까.md
[09:22:29] 원고 핑퐁 완료: 새 원고 알림 1건, 피드백 반영 0건
[12:57:54] 원고 핑퐁 완료: 새 원고 알림 0건, 피드백 반영 0건
[15:38:45] 원고 핑퐁 완료: 새 원고 알림 0건, 피드백 반영 0건
[17:58:39] 원고 핑퐁 완료: 새 원고 알림 0건, 피드백 반영 0건
[19:39:55] 원고 핑퐁 완료: 새 원고 알림 0건, 피드백 반영 0건
[20:43:59] 원고 핑퐁 완료: 새 원고 알림 0건, 피드백 반영 0건
[21:38:09] 원고 핑퐁 완료: 새 원고 알림 0건, 피드백 반영 0건
[23:08:22] 원고 핑퐁 완료: 새 원고 알림 0건, 피드백 반영 0건
[23:34:11] 전사 대기 2건 (플라우드 앱에서 전사하면 자동 처리): 2026-07-19 11:48:07, 2026-07-19 10:29:57
[23:34:12] 녹음 9건 조회 — 신규 0건 처리 예정, 기처리 9건 생략
[23:34:12] 텔레그램 알림 발송 완료
[23:34:13] 되먹임: 새 발행완료 글 없음
