[00:00:43] 녹음 9건 조회 — 신규 3건 처리 예정, 기처리 6건 생략
[00:03:50] 완료: 07-13 회의: 제주 교권 조정 토론 구성, 교육위원장 협의, 애월고 교사 탄원서 및 소송 현황 → 산출물 10건
[00:07:32] 완료: 07-13 복지·교육 현장의 성과주의 비판 및 관계 중심 환경 설계로의 전환 제안 → 산출물 20건
[00:10:43] 완료: 07-14 강의: 스토리메이커의 6가지 핵심 역량 → 산출물 16건
[00:10:44] 텔레그램 알림 발송 완료
[00:10:44] 되먹임: 새 발행완료 글 없음
[00:39:52] 원고 핑퐁 완료: 새 원고 알림 0건, 피드백 반영 0건
[01:57:04] 원고 핑퐁 완료: 새 원고 알림 0건, 피드백 반영 0건
[03:14:19] 원고 핑퐁 완료: 새 원고 알림 0건, 피드백 반영 0건
[04:38:13] 원고 핑퐁 완료: 새 원고 알림 0건, 피드백 반영 0건
[05:38:11] 원고 핑퐁 완료: 새 원고 알림 0건, 피드백 반영 0건
[06:10:02] socrates: 질문 3개 생성 ← O - 짜증은 감정이 아니라 신호
[06:33:38] 원고 핑퐁 완료: 새 원고 알림 0건, 피드백 반영 0건
[07:32:35] 원고 핑퐁 완료: 새 원고 알림 0건, 피드백 반영 0건
[08:32:35] 원고 핑퐁 완료: 새 원고 알림 0건, 피드백 반영 0건
[10:12:34] 원고 알림: 스레드_동생이랑매일싸우는첫째,저녁마다반복되는형제다툼어떻게말릴까.md
[10:12:34] 원고 핑퐁 완료: 새 원고 알림 1건, 피드백 반영 0건
[13:14:49] 원고 핑퐁 완료: 새 원고 알림 0건, 피드백 반영 0건
[15:33:25] 원고 핑퐁 완료: 새 원고 알림 0건, 피드백 반영 0건
[17:56:04] 원고 핑퐁 완료: 새 원고 알림 0건, 피드백 반영 0건
[20:06:17] 원고 핑퐁 완료: 새 원고 알림 0건, 피드백 반영 0건
